Using pre-set license
Built from '2022.2/staging' branch; Version is '2022.2.5f1 (551d45108343) revision 5578053'; Using compiler version '192829333'; Build Type 'Release'
OS: 'Windows 10  (10.0.19045) 64bit CoreSingleLanguage' Language: 'es' Physical Memory: 16244 MB
BatchMode: 1, IsHumanControllingUs: 0, StartBugReporterOnCrash: 0, Is64bit: 1, IsPro: 1

COMMAND LINE ARGUMENTS:
C:\Program Files\Unity\Hub\Editor\2022.2.5f1\Editor\Unity.exe
-adb2
-batchMode
-noUpm
-name
AssetImportWorker0
-projectPath
C:/Users/Lenovo/Documents/Trabajos/Personal/Unity/Grap
-logFile
Logs/AssetImportWorker0.log
-srvPort
56282
Successfully changed project path to: C:/Users/Lenovo/Documents/Trabajos/Personal/Unity/Grap
C:/Users/Lenovo/Documents/Trabajos/Personal/Unity/Grap
[UnityMemory] Configuration Parameters - Can be set up in boot.config
    "memorysetup-bucket-allocator-granularity=16"
    "memorysetup-bucket-allocator-bucket-count=8"
    "memorysetup-bucket-allocator-block-size=33554432"
    "memorysetup-bucket-allocator-block-count=8"
    "memorysetup-main-allocator-block-size=16777216"
    "memorysetup-thread-allocator-block-size=16777216"
    "memorysetup-gfx-main-allocator-block-size=16777216"
    "memorysetup-gfx-thread-allocator-block-size=16777216"
    "memorysetup-cache-allocator-block-size=4194304"
    "memorysetup-typetree-allocator-block-size=2097152"
    "memorysetup-profiler-bucket-allocator-granularity=16"
    "memorysetup-profiler-bucket-allocator-bucket-count=8"
    "memorysetup-profiler-bucket-allocator-block-size=33554432"
    "memorysetup-profiler-bucket-allocator-block-count=8"
    "memorysetup-profiler-allocator-block-size=16777216"
    "memorysetup-profiler-editor-allocator-block-size=1048576"
    "memorysetup-temp-allocator-size-main=16777216"
    "memorysetup-job-temp-allocator-block-size=2097152"
    "memorysetup-job-temp-allocator-block-size-background=1048576"
    "memorysetup-job-temp-allocator-reduction-small-platforms=262144"
    "memorysetup-temp-allocator-size-background-worker=32768"
    "memorysetup-temp-allocator-size-job-worker=262144"
    "memorysetup-temp-allocator-size-preload-manager=33554432"
    "memorysetup-temp-allocator-size-nav-mesh-worker=65536"
    "memorysetup-temp-allocator-size-audio-worker=65536"
    "memorysetup-temp-allocator-size-cloud-worker=32768"
    "memorysetup-temp-allocator-size-gi-baking-worker=262144"
    "memorysetup-temp-allocator-size-gfx=262144"
Player connection [4756] Host "[IP] 192.168.0.11 [Port] 0 [Flags] 2 [Guid] 2880901871 [EditorId] 2880901871 [Version] 1048832 [Id] WindowsEditor(7,PabloLenovo) [Debug] 1 [PackageName] WindowsEditor [ProjectName] Editor" joined multi-casting on [225.0.0.222:54997]...

Player connection [4756] Host "[IP] 192.168.0.11 [Port] 0 [Flags] 2 [Guid] 2880901871 [EditorId] 2880901871 [Version] 1048832 [Id] WindowsEditor(7,PabloLenovo) [Debug] 1 [PackageName] WindowsEditor [ProjectName] Editor" joined alternative multi-casting on [225.0.0.222:34997]...

Refreshing native plugins compatible for Editor in 17.05 ms, found 3 plugins.
Preloading 0 native plugins for Editor in 0.00 ms.
Initialize engine version: 2022.2.5f1 (551d45108343)
[Subsystems] Discovering subsystems at path C:/Program Files/Unity/Hub/Editor/2022.2.5f1/Editor/Data/Resources/UnitySubsystems
[Subsystems] Discovering subsystems at path C:/Users/Lenovo/Documents/Trabajos/Personal/Unity/Grap/Assets
GfxDevice: creating device client; threaded=0; jobified=0
Direct3D:
    Version:  Direct3D 11.0 [level 11.1]
    Renderer: NVIDIA GeForce GTX 1060 (ID=0x1c20)
    Vendor:   NVIDIA
    VRAM:     6052 MB
    Driver:   31.0.15.1693
Initialize mono
Mono path[0] = 'C:/Program Files/Unity/Hub/Editor/2022.2.5f1/Editor/Data/Managed'
Mono path[1] = 'C:/Program Files/Unity/Hub/Editor/2022.2.5f1/Editor/Data/MonoBleedingEdge/lib/mono/unityjit-win32'
Mono config path = 'C:/Program Files/Unity/Hub/Editor/2022.2.5f1/Editor/Data/MonoBleedingEdge/etc'
Using monoOptions --debugger-agent=transport=dt_socket,embedding=1,server=y,suspend=n,address=127.0.0.1:56672
Begin MonoManager ReloadAssembly
Registering precompiled unity dll's ...
Register platform support module: C:/Program Files/Unity/Hub/Editor/2022.2.5f1/Editor/Data/PlaybackEngines/WindowsStandaloneSupport/UnityEditor.WindowsStandalone.Extensions.dll
Registered in 0.016475 seconds.
- Loaded All Assemblies, in  0.554 seconds
Native extension for WindowsStandalone target not found
Mono: successfully reloaded assembly
- Finished resetting the current domain, in  0.374 seconds
Domain Reload Profiling:
	ReloadAssembly (331ms)
		BeginReloadAssembly (131ms)
			ExecutionOrderSort (0ms)
			DisableScriptedObjects (0ms)
			BackupInstance (0ms)
			ReleaseScriptingObjects (0ms)
			CreateAndSetChildDomain (1ms)
		LoadAllAssembliesAndSetupDomain (0ms)
			LoadAssemblies (128ms)
			RebuildTransferFunctionScriptingTraits (0ms)
			SetupTypeCache (209ms)
				TypeCache.Initialize (208ms)
					TypeCache.ScanAssembly (206ms)
				ResolveRequiredComponents (0ms)
		FinalizeReload (0ms)
			ReleaseScriptCaches (0ms)
			RebuildScriptCaches (0ms)
			SetupLoadedEditorAssemblies (293ms)
				LogAssemblyErrors (0ms)
				InitializePlatformSupportModulesInManaged (18ms)
				SetLoadedEditorAssemblies (11ms)
				RefreshPlugins (0ms)
				BeforeProcessingInitializeOnLoad (1ms)
				ProcessInitializeOnLoadAttributes (199ms)
				ProcessInitializeOnLoadMethodAttributes (64ms)
				AfterProcessingInitializeOnLoad (0ms)
				EditorAssembliesLoaded (0ms)
			ExecutionOrderSort2 (0ms)
			AwakeInstancesAfterBackupRestoration (0ms)
========================================================================
Worker process is ready to serve import requests
Begin MonoManager ReloadAssembly
- Loaded All Assemblies, in  1.076 seconds
Refreshing native plugins compatible for Editor in 4.97 ms, found 3 plugins.
Native extension for WindowsStandalone target not found
Mono: successfully reloaded assembly
- Finished resetting the current domain, in  0.762 seconds
Domain Reload Profiling:
	ReloadAssembly (315ms)
		BeginReloadAssembly (174ms)
			ExecutionOrderSort (0ms)
			DisableScriptedObjects (8ms)
			BackupInstance (0ms)
			ReleaseScriptingObjects (0ms)
			CreateAndSetChildDomain (33ms)
		LoadAllAssembliesAndSetupDomain (756ms)
			LoadAssemblies (348ms)
			RebuildTransferFunctionScriptingTraits (0ms)
			SetupTypeCache (482ms)
				TypeCache.Initialize (337ms)
					TypeCache.ScanAssembly (330ms)
				ResolveRequiredComponents (4ms)
		FinalizeReload (0ms)
			ReleaseScriptCaches (0ms)
			RebuildScriptCaches (0ms)
			SetupLoadedEditorAssemblies (557ms)
				LogAssemblyErrors (0ms)
				InitializePlatformSupportModulesInManaged (10ms)
				SetLoadedEditorAssemblies (4ms)
				RefreshPlugins (0ms)
				BeforeProcessingInitializeOnLoad (92ms)
				ProcessInitializeOnLoadAttributes (388ms)
				ProcessInitializeOnLoadMethodAttributes (51ms)
				AfterProcessingInitializeOnLoad (12ms)
				EditorAssembliesLoaded (0ms)
			ExecutionOrderSort2 (0ms)
			AwakeInstancesAfterBackupRestoration (12ms)
Launched and connected shader compiler UnityShaderCompiler.exe after 0.06 seconds
Refreshing native plugins compatible for Editor in 5.57 ms, found 3 plugins.
Preloading 0 native plugins for Editor in 0.00 ms.
Unloading 2397 Unused Serialized files (Serialized files now loaded: 0)
Unloading 32 unused Assets / (67.8 KB). Loaded Objects now: 2862.
Memory consumption went from 383.4 MB to 383.3 MB.
Total: 4.589300 ms (FindLiveObjects: 0.279000 ms CreateObjectMapping: 0.323100 ms MarkObjects: 3.880800 ms  DeleteObjects: 0.105000 ms)

AssetImportParameters requested are different than current active one (requested -> active):
  custom:video-decoder-webm-vp8: 9c59270c3fd7afecdb556c50c9e8de78 -> 
  custom:container-demuxer-ogg: 62fdf1f143b41e24485cea50d1cbac27 -> 
  custom:AudioImporter_EditorPlatform: d09bf68614088b80899f8185d706f6e7 -> 
  custom:video-decoder-ogg-theora: a1e56fd34408186e4bbccfd4996cb3dc -> 
  custom:framework-win-MediaFoundation: 216162199b28c13a410421893ffa2e32 -> 
  custom:video-encoder-webm-vp8: eb34c28f22e8b96e1ab97ce403110664 -> 
  custom:audio-decoder-ogg-vorbis: bf7c407c2cedff20999df2af8eb42d56 -> 
  custom:container-demuxer-webm: 4f35f7cbe854078d1ac9338744f61a02 -> 
  custom:audio-encoder-webm-vorbis: bf7c407c2cedff20999df2af8eb42d56 -> 
  custom:container-muxer-webm: aa71ff27fc2769a1b78a27578f13a17b -> 
========================================================================
Received Import Request.
  Time since last request: 770388.969318 seconds.
  path: Assets/Scenes
  artifactKey: Guid(857a593305524224183f3a769cdbecbd) Importer(815301076,1909f56bfc062723c751e8b465ee728b)
Start importing Assets/Scenes using Guid(857a593305524224183f3a769cdbecbd) Importer(815301076,1909f56bfc062723c751e8b465ee728b)  -> (artifact id: '6825da5a121020e4541e983cdd44d5f7') in 0.001822 seconds 
Number of updated asset objects reloaded before import = 0
Number of asset objects unloaded after import = 0
========================================================================
Received Import Request.
  Time since last request: 4.236496 seconds.
  path: Assets/Scenes/LVL1.unity
  artifactKey: Guid(5d5f2a67af2e838419c7c4c332a4b2b9) Importer(815301076,1909f56bfc062723c751e8b465ee728b)
Start importing Assets/Scenes/LVL1.unity using Guid(5d5f2a67af2e838419c7c4c332a4b2b9) Importer(815301076,1909f56bfc062723c751e8b465ee728b)  -> (artifact id: 'd00d023dafa0b08a3421b1eef09d11a0') in 0.003219 seconds 
Number of updated asset objects reloaded before import = 0
Number of asset objects unloaded after import = 0
========================================================================
Received Import Request.
  Time since last request: 49.261592 seconds.
  path: Assets/LVLs
  artifactKey: Guid(9e0c8205af681194595bedbd3dfa4d1e) Importer(815301076,1909f56bfc062723c751e8b465ee728b)
Start importing Assets/LVLs using Guid(9e0c8205af681194595bedbd3dfa4d1e) Importer(815301076,1909f56bfc062723c751e8b465ee728b)  -> (artifact id: 'ad7fb46247f7e0d092d5af7038794bbf') in 0.001037 seconds 
Number of updated asset objects reloaded before import = 0
Number of asset objects unloaded after import = 0
========================================================================
Received Import Request.
  Time since last request: 0.668722 seconds.
  path: Assets/LVLs/1
  artifactKey: Guid(51233219ee33ac647bdfbb69b1d40c88) Importer(815301076,1909f56bfc062723c751e8b465ee728b)
Start importing Assets/LVLs/1 using Guid(51233219ee33ac647bdfbb69b1d40c88) Importer(815301076,1909f56bfc062723c751e8b465ee728b)  -> (artifact id: 'bbd75037b11ecf49b277e707219edb92') in 0.000606 seconds 
Number of updated asset objects reloaded before import = 0
Number of asset objects unloaded after import = 0
========================================================================
Received Import Request.
  Time since last request: 0.156699 seconds.
  path: Assets/LVLs/1/mapa.png
  artifactKey: Guid(9026d35973647b44f85db89a084c7178) Importer(815301076,1909f56bfc062723c751e8b465ee728b)
Start importing Assets/LVLs/1/mapa.png using Guid(9026d35973647b44f85db89a084c7178) Importer(815301076,1909f56bfc062723c751e8b465ee728b)  -> (artifact id: '3b18cad760aa02a696e4317eb073eb15') in 0.208290 seconds 
Number of updated asset objects reloaded before import = 0
Number of asset objects unloaded after import = 3
========================================================================
Received Import Request.
  Time since last request: 1.264504 seconds.
  path: Assets/LVLs/1/Nivel1.unity
  artifactKey: Guid(93925461f53552d4a97593a616c99d44) Importer(815301076,1909f56bfc062723c751e8b465ee728b)
Start importing Assets/LVLs/1/Nivel1.unity using Guid(93925461f53552d4a97593a616c99d44) Importer(815301076,1909f56bfc062723c751e8b465ee728b)  -> (artifact id: '41602fd6e45933e820946a508f078503') in 0.000716 seconds 
Number of updated asset objects reloaded before import = 0
Number of asset objects unloaded after import = 0
========================================================================
Received Import Request.
  Time since last request: 64.411668 seconds.
  path: Assets/Sprites/Arbolesoscuros1.png
  artifactKey: Guid(b6ed0917c8694594b99a12a2a6de02d5) Importer(815301076,1909f56bfc062723c751e8b465ee728b)
Start importing Assets/Sprites/Arbolesoscuros1.png using Guid(b6ed0917c8694594b99a12a2a6de02d5) Importer(815301076,1909f56bfc062723c751e8b465ee728b)  -> (artifact id: '28e00719f05c885f753b059af30a5163') in 0.041060 seconds 
Number of updated asset objects reloaded before import = 0
Number of asset objects unloaded after import = 3
========================================================================
Received Import Request.
  Time since last request: 0.000017 seconds.
  path: Assets/Sprites/tongue.png
  artifactKey: Guid(36db5ea5a318bac49928bb44c1606898) Importer(815301076,1909f56bfc062723c751e8b465ee728b)
Start importing Assets/Sprites/tongue.png using Guid(36db5ea5a318bac49928bb44c1606898) Importer(815301076,1909f56bfc062723c751e8b465ee728b)  -> (artifact id: '2642fe438c4061d7bcfa2619bab323b0') in 0.257332 seconds 
Number of updated asset objects reloaded before import = 0
Number of asset objects unloaded after import = 5
========================================================================
Received Import Request.
  Time since last request: 0.000044 seconds.
  path: Assets/Sprites/youwin youlose2.png
  artifactKey: Guid(47389adc64b53194fbeed10715461051) Importer(815301076,1909f56bfc062723c751e8b465ee728b)
Start importing Assets/Sprites/youwin youlose2.png using Guid(47389adc64b53194fbeed10715461051) Importer(815301076,1909f56bfc062723c751e8b465ee728b)  -> (artifact id: '4f84cc9b166c8f681374e01e7f7d8605') in 0.024888 seconds 
Number of updated asset objects reloaded before import = 0
Number of asset objects unloaded after import = 3
========================================================================
Received Import Request.
  Time since last request: 0.000026 seconds.
  path: Assets/Sprites/arbolesverdesfondo1.png
  artifactKey: Guid(e5ec3ccf3df328d45a59e38c6c51e07f) Importer(815301076,1909f56bfc062723c751e8b465ee728b)
Start importing Assets/Sprites/arbolesverdesfondo1.png using Guid(e5ec3ccf3df328d45a59e38c6c51e07f) Importer(815301076,1909f56bfc062723c751e8b465ee728b)  -> (artifact id: 'e1f7d5971f81b4a5b619b8494c4c44f8') in 0.020933 seconds 
Number of updated asset objects reloaded before import = 0
Number of asset objects unloaded after import = 3
========================================================================
Received Import Request.
  Time since last request: 0.000020 seconds.
  path: Assets/Sprites/tongueS.png
  artifactKey: Guid(65499c12c30a8a2409e8d2aeef35f1f2) Importer(815301076,1909f56bfc062723c751e8b465ee728b)
Start importing Assets/Sprites/tongueS.png using Guid(65499c12c30a8a2409e8d2aeef35f1f2) Importer(815301076,1909f56bfc062723c751e8b465ee728b)  -> (artifact id: 'db75fb5b91c66d5ddf42874435810fc1') in 0.020847 seconds 
Number of updated asset objects reloaded before import = 0
Number of asset objects unloaded after import = 3
========================================================================
Received Import Request.
  Time since last request: 0.000027 seconds.
  path: Assets/Sprites/arbolesverdes1.png
  artifactKey: Guid(17ab2d838d4ea00468335ee14c58cdd7) Importer(815301076,1909f56bfc062723c751e8b465ee728b)
Start importing Assets/Sprites/arbolesverdes1.png using Guid(17ab2d838d4ea00468335ee14c58cdd7) Importer(815301076,1909f56bfc062723c751e8b465ee728b)  -> (artifact id: '3a1cfb6f12e52ee2178a6f880c4291e5') in 0.024299 seconds 
Number of updated asset objects reloaded before import = 0
Number of asset objects unloaded after import = 3
========================================================================
Received Import Request.
  Time since last request: 0.000026 seconds.
  path: Assets/Sprites/moscas-Sheet.png
  artifactKey: Guid(fe29a1bcfc398664cb8e9fa8abe2f5bb) Importer(815301076,1909f56bfc062723c751e8b465ee728b)
Start importing Assets/Sprites/moscas-Sheet.png using Guid(fe29a1bcfc398664cb8e9fa8abe2f5bb) Importer(815301076,1909f56bfc062723c751e8b465ee728b)  -> (artifact id: '3c43ae46423137ff55b6a91fbf6a97a6') in 0.052490 seconds 
Number of updated asset objects reloaded before import = 0
Number of asset objects unloaded after import = 6
========================================================================
Received Import Request.
  Time since last request: 0.000020 seconds.
  path: Assets/Sprites/tongue2.png
  artifactKey: Guid(12f695769822aa744bf4ece515841264) Importer(815301076,1909f56bfc062723c751e8b465ee728b)
Start importing Assets/Sprites/tongue2.png using Guid(12f695769822aa744bf4ece515841264) Importer(815301076,1909f56bfc062723c751e8b465ee728b)  -> (artifact id: 'eca93805f043aa8e06b116020ecf1071') in 0.022444 seconds 
Number of updated asset objects reloaded before import = 0
Number of asset objects unloaded after import = 3
========================================================================
Received Import Request.
  Time since last request: 0.000022 seconds.
  path: Assets/Sprites/frog.png
  artifactKey: Guid(a6c507863c0f9a445a275e0fece57709) Importer(815301076,1909f56bfc062723c751e8b465ee728b)
Start importing Assets/Sprites/frog.png using Guid(a6c507863c0f9a445a275e0fece57709) Importer(815301076,1909f56bfc062723c751e8b465ee728b)  -> (artifact id: 'fbbe025c0f7278640904faa01d3d9462') in 0.048316 seconds 
Number of updated asset objects reloaded before import = 0
Number of asset objects unloaded after import = 13
========================================================================
Received Import Request.
  Time since last request: 48.733662 seconds.
  path: Assets/Sprites/cowboy-frog.png
  artifactKey: Guid(f4f563cf0e4557c4ea3e1ba6fafca10f) Importer(815301076,1909f56bfc062723c751e8b465ee728b)
Start importing Assets/Sprites/cowboy-frog.png using Guid(f4f563cf0e4557c4ea3e1ba6fafca10f) Importer(815301076,1909f56bfc062723c751e8b465ee728b)  -> (artifact id: '9ca94a23b322ea7a030766e5f674c23d') in 0.055911 seconds 
Number of updated asset objects reloaded before import = 0
Number of asset objects unloaded after import = 14
========================================================================
Received Import Request.
  Time since last request: 16.956017 seconds.
  path: Assets/LVLs/1/mapasuperlargo.png
  artifactKey: Guid(592f64bfad587bf40bbbc2bf2592e827) Importer(815301076,1909f56bfc062723c751e8b465ee728b)
Start importing Assets/LVLs/1/mapasuperlargo.png using Guid(592f64bfad587bf40bbbc2bf2592e827) Importer(815301076,1909f56bfc062723c751e8b465ee728b)  -> (artifact id: '341c8883b44d2b7805e6f8b779f10222') in 0.021663 seconds 
Number of updated asset objects reloaded before import = 0
Number of asset objects unloaded after import = 3
========================================================================
Received Prepare
Begin MonoManager ReloadAssembly
- Loaded All Assemblies, in  1.008 seconds
Refreshing native plugins compatible for Editor in 4.60 ms, found 3 plugins.
Native extension for WindowsStandalone target not found
Mono: successfully reloaded assembly
- Finished resetting the current domain, in  0.973 seconds
Domain Reload Profiling:
	ReloadAssembly (296ms)
		BeginReloadAssembly (191ms)
			ExecutionOrderSort (0ms)
			DisableScriptedObjects (10ms)
			BackupInstance (0ms)
			ReleaseScriptingObjects (0ms)
			CreateAndSetChildDomain (61ms)
		LoadAllAssembliesAndSetupDomain (706ms)
			LoadAssemblies (315ms)
			RebuildTransferFunctionScriptingTraits (0ms)
			SetupTypeCache (465ms)
				TypeCache.Initialize (326ms)
					TypeCache.ScanAssembly (319ms)
				ResolveRequiredComponents (4ms)
		FinalizeReload (0ms)
			ReleaseScriptCaches (0ms)
			RebuildScriptCaches (0ms)
			SetupLoadedEditorAssemblies (468ms)
				LogAssemblyErrors (0ms)
				InitializePlatformSupportModulesInManaged (9ms)
				SetLoadedEditorAssemblies (3ms)
				RefreshPlugins (0ms)
				BeforeProcessingInitializeOnLoad (78ms)
				ProcessInitializeOnLoadAttributes (325ms)
				ProcessInitializeOnLoadMethodAttributes (41ms)
				AfterProcessingInitializeOnLoad (11ms)
				EditorAssembliesLoaded (0ms)
			ExecutionOrderSort2 (0ms)
			AwakeInstancesAfterBackupRestoration (11ms)
Refreshing native plugins compatible for Editor in 6.66 ms, found 3 plugins.
Preloading 0 native plugins for Editor in 0.00 ms.
Unloading 2386 Unused Serialized files (Serialized files now loaded: 0)
Unloading 21 unused Assets / (34.8 KB). Loaded Objects now: 2881.
Memory consumption went from 384.5 MB to 384.4 MB.
Total: 4.875000 ms (FindLiveObjects: 0.477300 ms CreateObjectMapping: 0.468700 ms MarkObjects: 3.878100 ms  DeleteObjects: 0.049700 ms)

Prepare: number of updated asset objects reloaded= 0
AssetImportParameters requested are different than current active one (requested -> active):
  custom:video-decoder-webm-vp8: 9c59270c3fd7afecdb556c50c9e8de78 -> 
  custom:container-demuxer-ogg: 62fdf1f143b41e24485cea50d1cbac27 -> 
  custom:AudioImporter_EditorPlatform: d09bf68614088b80899f8185d706f6e7 -> 
  custom:video-decoder-ogg-theora: a1e56fd34408186e4bbccfd4996cb3dc -> 
  custom:framework-win-MediaFoundation: 216162199b28c13a410421893ffa2e32 -> 
  custom:video-encoder-webm-vp8: eb34c28f22e8b96e1ab97ce403110664 -> 
  custom:audio-decoder-ogg-vorbis: bf7c407c2cedff20999df2af8eb42d56 -> 
  custom:container-demuxer-webm: 4f35f7cbe854078d1ac9338744f61a02 -> 
  custom:audio-encoder-webm-vorbis: bf7c407c2cedff20999df2af8eb42d56 -> 
  custom:container-muxer-webm: aa71ff27fc2769a1b78a27578f13a17b -> 
========================================================================
Received Import Request.
  Time since last request: 45.406502 seconds.
  path: Assets/Sprites/Arbolesoscuros1.png
  artifactKey: Guid(b6ed0917c8694594b99a12a2a6de02d5) Importer(815301076,1909f56bfc062723c751e8b465ee728b)
Start importing Assets/Sprites/Arbolesoscuros1.png using Guid(b6ed0917c8694594b99a12a2a6de02d5) Importer(815301076,1909f56bfc062723c751e8b465ee728b)  -> (artifact id: 'bdb00fe94f5c8d3884a6d9de1388a78a') in 0.107381 seconds 
Number of updated asset objects reloaded before import = 0
Number of asset objects unloaded after import = 3
========================================================================
Received Import Request.
  Time since last request: 0.000056 seconds.
  path: Assets/Sprites/tongue.png
  artifactKey: Guid(36db5ea5a318bac49928bb44c1606898) Importer(815301076,1909f56bfc062723c751e8b465ee728b)
Start importing Assets/Sprites/tongue.png using Guid(36db5ea5a318bac49928bb44c1606898) Importer(815301076,1909f56bfc062723c751e8b465ee728b)  -> (artifact id: '4946d12fdb68a2c3cb52d748ca3c2a85') in 0.033931 seconds 
Number of updated asset objects reloaded before import = 0
Number of asset objects unloaded after import = 5
========================================================================
Received Import Request.
  Time since last request: 0.000034 seconds.
  path: Assets/Sprites/arbolesverdesfondo1.png
  artifactKey: Guid(e5ec3ccf3df328d45a59e38c6c51e07f) Importer(815301076,1909f56bfc062723c751e8b465ee728b)
Start importing Assets/Sprites/arbolesverdesfondo1.png using Guid(e5ec3ccf3df328d45a59e38c6c51e07f) Importer(815301076,1909f56bfc062723c751e8b465ee728b)  -> (artifact id: '4c9ee7ec0e5be58157b69934fc237865') in 0.021024 seconds 
Number of updated asset objects reloaded before import = 0
Number of asset objects unloaded after import = 3
========================================================================
Received Import Request.
  Time since last request: 0.000035 seconds.
  path: Assets/Sprites/youwin youlose1.png
  artifactKey: Guid(feeb36040a45b984eae7ab5887c4f2e1) Importer(815301076,1909f56bfc062723c751e8b465ee728b)
Start importing Assets/Sprites/youwin youlose1.png using Guid(feeb36040a45b984eae7ab5887c4f2e1) Importer(815301076,1909f56bfc062723c751e8b465ee728b)  -> (artifact id: '5bf7d28bc84414c6714d15d82064aab5') in 0.020346 seconds 
Number of updated asset objects reloaded before import = 0
Number of asset objects unloaded after import = 3
========================================================================
Received Import Request.
  Time since last request: 0.000021 seconds.
  path: Assets/Sprites/pantalla inicio y creditos.png
  artifactKey: Guid(9e0159fd42ebb2c4caa6af780fed754b) Importer(815301076,1909f56bfc062723c751e8b465ee728b)
Start importing Assets/Sprites/pantalla inicio y creditos.png using Guid(9e0159fd42ebb2c4caa6af780fed754b) Importer(815301076,1909f56bfc062723c751e8b465ee728b)  -> (artifact id: 'c643e04b3ca807947156fc7cd45ee13e') in 0.042293 seconds 
Number of updated asset objects reloaded before import = 0
Number of asset objects unloaded after import = 4
========================================================================
Received Import Request.
  Time since last request: 0.000015 seconds.
  path: Assets/Sprites/arbolesverdes2.png
  artifactKey: Guid(7c213c0d5a192ab4b90e3d489043239e) Importer(815301076,1909f56bfc062723c751e8b465ee728b)
Start importing Assets/Sprites/arbolesverdes2.png using Guid(7c213c0d5a192ab4b90e3d489043239e) Importer(815301076,1909f56bfc062723c751e8b465ee728b)  -> (artifact id: '0d33edb751dc4743f0db9e3353ae25d1') in 0.018593 seconds 
Number of updated asset objects reloaded before import = 0
Number of asset objects unloaded after import = 3
========================================================================
Received Import Request.
  Time since last request: 0.000019 seconds.
  path: Assets/Sprites/UI.png
  artifactKey: Guid(48450a7b1f5ed034f993cf692960bbdf) Importer(815301076,1909f56bfc062723c751e8b465ee728b)
Start importing Assets/Sprites/UI.png using Guid(48450a7b1f5ed034f993cf692960bbdf) Importer(815301076,1909f56bfc062723c751e8b465ee728b)  -> (artifact id: '2a0f052fadd27c0b7e091c403c02c072') in 0.038489 seconds 
Number of updated asset objects reloaded before import = 0
Number of asset objects unloaded after import = 3
========================================================================
Received Import Request.
  Time since last request: 0.000026 seconds.
  path: Assets/Sprites/arbolesverdesfondo2.png
  artifactKey: Guid(9c5c0dc9c21652746a89ad68c0a499d3) Importer(815301076,1909f56bfc062723c751e8b465ee728b)
Start importing Assets/Sprites/arbolesverdesfondo2.png using Guid(9c5c0dc9c21652746a89ad68c0a499d3) Importer(815301076,1909f56bfc062723c751e8b465ee728b)  -> (artifact id: 'f1dd0349f69c44f773121b7865201d85') in 0.027902 seconds 
Number of updated asset objects reloaded before import = 0
Number of asset objects unloaded after import = 3
========================================================================
Received Import Request.
  Time since last request: 0.000017 seconds.
  path: Assets/Sprites/Iconos.png
  artifactKey: Guid(b63b30c1f017c2243a2ec3a8350f9628) Importer(815301076,1909f56bfc062723c751e8b465ee728b)
Start importing Assets/Sprites/Iconos.png using Guid(b63b30c1f017c2243a2ec3a8350f9628) Importer(815301076,1909f56bfc062723c751e8b465ee728b)  -> (artifact id: 'b224c7c78be31accb314ac16da47ea52') in 0.028791 seconds 
Number of updated asset objects reloaded before import = 0
Number of asset objects unloaded after import = 3
========================================================================
Received Import Request.
  Time since last request: 0.000028 seconds.
  path: Assets/Sprites/tile-set.png
  artifactKey: Guid(1cabc946d44dba5419343ce11adc4445) Importer(815301076,1909f56bfc062723c751e8b465ee728b)
Start importing Assets/Sprites/tile-set.png using Guid(1cabc946d44dba5419343ce11adc4445) Importer(815301076,1909f56bfc062723c751e8b465ee728b)  -> (artifact id: 'b5df6d1fd6eb70abfbef24eb35382ca6') in 0.075081 seconds 
Number of updated asset objects reloaded before import = 0
Number of asset objects unloaded after import = 28
========================================================================
Received Import Request.
  Time since last request: 5.216067 seconds.
  path: Assets/Music/grapp.mp3
  artifactKey: Guid(c61250780183b41469c2312871cc4132) Importer(815301076,1909f56bfc062723c751e8b465ee728b)
Start importing Assets/Music/grapp.mp3 using Guid(c61250780183b41469c2312871cc4132) Importer(815301076,1909f56bfc062723c751e8b465ee728b)  -> (artifact id: 'fe93d0e2522b7a8c77cca84adecb34dd') in 0.086241 seconds 
Number of updated asset objects reloaded before import = 0
Number of asset objects unloaded after import = 2
========================================================================
Received Import Request.
  Time since last request: 0.000020 seconds.
  path: Assets/Music/grapp win.mp3
  artifactKey: Guid(138aeec8b615fc9429498a8146f8caf8) Importer(815301076,1909f56bfc062723c751e8b465ee728b)
Start importing Assets/Music/grapp win.mp3 using Guid(138aeec8b615fc9429498a8146f8caf8) Importer(815301076,1909f56bfc062723c751e8b465ee728b)  -> (artifact id: '3ab83efe04855cc181444ac8848e9653') in 0.021348 seconds 
Number of updated asset objects reloaded before import = 0
Number of asset objects unloaded after import = 2
========================================================================
Received Import Request.
  Time since last request: 1.074576 seconds.
  path: Assets/Materials/New Material.mat
  artifactKey: Guid(36ce037cf6154c74f887f5ca8f258e3d) Importer(815301076,1909f56bfc062723c751e8b465ee728b)
Start importing Assets/Materials/New Material.mat using Guid(36ce037cf6154c74f887f5ca8f258e3d) Importer(815301076,1909f56bfc062723c751e8b465ee728b)  -> (artifact id: 'd7554c223839e628172e15b14f4feab2') in 0.543686 seconds 
Number of updated asset objects reloaded before import = 0
Number of asset objects unloaded after import = 2
========================================================================
Received Prepare
Begin MonoManager ReloadAssembly
- Loaded All Assemblies, in  1.118 seconds
Refreshing native plugins compatible for Editor in 6.58 ms, found 3 plugins.
Native extension for WindowsStandalone target not found
Mono: successfully reloaded assembly
- Finished resetting the current domain, in  1.028 seconds
Domain Reload Profiling:
	ReloadAssembly (301ms)
		BeginReloadAssembly (178ms)
			ExecutionOrderSort (0ms)
			DisableScriptedObjects (8ms)
			BackupInstance (0ms)
			ReleaseScriptingObjects (0ms)
			CreateAndSetChildDomain (52ms)
		LoadAllAssembliesAndSetupDomain (812ms)
			LoadAssemblies (322ms)
			RebuildTransferFunctionScriptingTraits (0ms)
			SetupTypeCache (560ms)
				TypeCache.Initialize (416ms)
					TypeCache.ScanAssembly (409ms)
				ResolveRequiredComponents (5ms)
		FinalizeReload (0ms)
			ReleaseScriptCaches (0ms)
			RebuildScriptCaches (0ms)
			SetupLoadedEditorAssemblies (465ms)
				LogAssemblyErrors (0ms)
				InitializePlatformSupportModulesInManaged (11ms)
				SetLoadedEditorAssemblies (4ms)
				RefreshPlugins (0ms)
				BeforeProcessingInitializeOnLoad (89ms)
				ProcessInitializeOnLoadAttributes (304ms)
				ProcessInitializeOnLoadMethodAttributes (45ms)
				AfterProcessingInitializeOnLoad (12ms)
				EditorAssembliesLoaded (0ms)
			ExecutionOrderSort2 (0ms)
			AwakeInstancesAfterBackupRestoration (14ms)
Refreshing native plugins compatible for Editor in 4.78 ms, found 3 plugins.
Preloading 0 native plugins for Editor in 0.00 ms.
Unloading 2386 Unused Serialized files (Serialized files now loaded: 0)
Unloading 21 unused Assets / (34.6 KB). Loaded Objects now: 2932.
Memory consumption went from 385.0 MB to 385.0 MB.
Total: 3.418000 ms (FindLiveObjects: 0.261100 ms CreateObjectMapping: 0.224200 ms MarkObjects: 2.878300 ms  DeleteObjects: 0.053300 ms)

Prepare: number of updated asset objects reloaded= 0
AssetImportParameters requested are different than current active one (requested -> active):
  custom:video-decoder-webm-vp8: 9c59270c3fd7afecdb556c50c9e8de78 -> 
  custom:container-demuxer-ogg: 62fdf1f143b41e24485cea50d1cbac27 -> 
  custom:AudioImporter_EditorPlatform: d09bf68614088b80899f8185d706f6e7 -> 
  custom:video-decoder-ogg-theora: a1e56fd34408186e4bbccfd4996cb3dc -> 
  custom:framework-win-MediaFoundation: 216162199b28c13a410421893ffa2e32 -> 
  custom:video-encoder-webm-vp8: eb34c28f22e8b96e1ab97ce403110664 -> 
  custom:audio-decoder-ogg-vorbis: bf7c407c2cedff20999df2af8eb42d56 -> 
  custom:container-demuxer-webm: 4f35f7cbe854078d1ac9338744f61a02 -> 
  custom:audio-encoder-webm-vorbis: bf7c407c2cedff20999df2af8eb42d56 -> 
  custom:container-muxer-webm: aa71ff27fc2769a1b78a27578f13a17b -> 
